<?xml version="1.0" encoding="UTF-8"?>
<testng-results ignored="0" total="1" passed="1" failed="0" skipped="0">
  <reporter-output>
  </reporter-output>
  <suite started-at="2023-04-03T10:48:35 IST" name="Default suite" finished-at="2023-04-03T10:48:45 IST" duration-ms="9586">
    <groups>
    </groups>
    <test started-at="2023-04-03T10:48:35 IST" name="Default test" finished-at="2023-04-03T10:48:45 IST" duration-ms="9586">
      <class name="DemoTest.Test1.extentReport.Report">
        <test-method is-config="true" signature="beforeTest()[pri:0, instance:DemoTest.Test1.extentReport.Report@6e9a5ed8]" started-at="2023-04-03T10:48:35 IST" name="beforeTest" finished-at="2023-04-03T10:48:45 IST" duration-ms="9510" status="PASS">
          <reporter-output>
          </reporter-output>
        </test-method> <!-- beforeTest -->
        <test-method signature="f()[pri:0, instance:DemoTest.Test1.extentReport.Report@6e9a5ed8]" started-at="2023-04-03T10:48:45 IST" name="f" finished-at="2023-04-03T10:48:45 IST" duration-ms="7" status="PASS">
          <reporter-output>
          </reporter-output>
        </test-method> <!-- f -->
      </class> <!-- DemoTest.Test1.extentReport.Report -->
    </test> <!-- Default test -->
  </suite> <!-- Default suite -->
</testng-results>
